<?xml version="1.0" encoding="UTF-8"?>
<testsuite xmlns:xsi="http://www.w3.org/2001/XMLSchema-instance" xsi:noNamespaceSchemaLocation="https://maven.apache.org/surefire/maven-surefire-plugin/xsd/surefire-test-report.xsd" name="de.maxjhfr.PluginTest" time="0.069" tests="1" errors="0" skipped="0" failures="0">
  <properties>
    <property name="sun.desktop" value="windows"/>
    <property name="awt.toolkit" value="sun.awt.windows.WToolkit"/>
    <property name="java.specification.version" value="11"/>
    <property name="sun.cpu.isalist" value="amd64"/>
    <property name="sun.jnu.encoding" value="Cp1252"/>
    <property name="java.class.path" value="c:\Users\marsc\Programmieren\DHBW-Exit-Game\DHBW-Exit-Game\minecraft_game\target\test-classes;c:\Users\marsc\Programmieren\DHBW-Exit-Game\DHBW-Exit-Game\minecraft_game\target\classes;C:\Users\marsc\.m2\repository\junit\junit\4.11\junit-4.11.jar;C:\Users\marsc\.m2\repository\org\hamcrest\hamcrest-core\1.3\hamcrest-core-1.3.jar;C:\Users\marsc\.m2\repository\org\spigotmc\spigot-api\1.16.5-R0.1-SNAPSHOT\spigot-api-1.16.5-R0.1-SNAPSHOT.jar;C:\Users\marsc\.m2\repository\commons-lang\commons-lang\2.6\commons-lang-2.6.jar;C:\Users\marsc\.m2\repository\com\google\guava\guava\21.0\guava-21.0.jar;C:\Users\marsc\.m2\repository\com\google\code\gson\gson\2.8.0\gson-2.8.0.jar;C:\Users\marsc\.m2\repository\net\md-5\bungeecord-chat\1.16-R0.4\bungeecord-chat-1.16-R0.4.jar;C:\Users\marsc\.m2\repository\org\yaml\snakeyaml\1.27\snakeyaml-1.27.jar;"/>
    <property name="java.vm.vendor" value="Eclipse Adoptium"/>
    <property name="sun.arch.data.model" value="64"/>
    <property name="user.variant" value=""/>
    <property name="java.vendor.url" value="https://adoptium.net/"/>
    <property name="user.timezone" value="Europe/Berlin"/>
    <property name="java.vm.specification.version" value="11"/>
    <property name="os.name" value="Windows 11"/>
    <property name="sun.java.launcher" value="SUN_STANDARD"/>
    <property name="user.country" value="DE"/>
    <property name="sun.boot.library.path" value="C:\Program Files\Eclipse Adoptium\jdk-11.0.22.7-hotspot\bin"/>
    <property name="sun.java.command" value="C:\Users\marsc\AppData\Local\Temp\surefire1564998653117842312\surefirebooter15637143284034348432.jar C:\Users\marsc\AppData\Local\Temp\surefire1564998653117842312 2024-04-05T15-09-50_026-jvmRun1 surefire8064814287237466485tmp surefire_02173221992293186013tmp"/>
    <property name="jdk.debug" value="release"/>
    <property name="surefire.test.class.path" value="c:\Users\marsc\Programmieren\DHBW-Exit-Game\DHBW-Exit-Game\minecraft_game\target\test-classes;c:\Users\marsc\Programmieren\DHBW-Exit-Game\DHBW-Exit-Game\minecraft_game\target\classes;C:\Users\marsc\.m2\repository\junit\junit\4.11\junit-4.11.jar;C:\Users\marsc\.m2\repository\org\hamcrest\hamcrest-core\1.3\hamcrest-core-1.3.jar;C:\Users\marsc\.m2\repository\org\spigotmc\spigot-api\1.16.5-R0.1-SNAPSHOT\spigot-api-1.16.5-R0.1-SNAPSHOT.jar;C:\Users\marsc\.m2\repository\commons-lang\commons-lang\2.6\commons-lang-2.6.jar;C:\Users\marsc\.m2\repository\com\google\guava\guava\21.0\guava-21.0.jar;C:\Users\marsc\.m2\repository\com\google\code\gson\gson\2.8.0\gson-2.8.0.jar;C:\Users\marsc\.m2\repository\net\md-5\bungeecord-chat\1.16-R0.4\bungeecord-chat-1.16-R0.4.jar;C:\Users\marsc\.m2\repository\org\yaml\snakeyaml\1.27\snakeyaml-1.27.jar;"/>
    <property name="sun.cpu.endian" value="little"/>
    <property name="user.home" value="C:\Users\marsc"/>
    <property name="user.language" value="de"/>
    <property name="java.specification.vendor" value="Oracle Corporation"/>
    <property name="java.version.date" value="2024-01-16"/>
    <property name="java.home" value="C:\Program Files\Eclipse Adoptium\jdk-11.0.22.7-hotspot"/>
    <property name="file.separator" value="\"/>
    <property name="basedir" value="c:\Users\marsc\Programmieren\DHBW-Exit-Game\DHBW-Exit-Game\minecraft_game"/>
    <property name="java.vm.compressedOopsMode" value="Zero based"/>
    <property name="line.separator" value="&#10;"/>
    <property name="java.specification.name" value="Java Platform API Specification"/>
    <property name="java.vm.specification.vendor" value="Oracle Corporation"/>
    <property name="java.awt.graphicsenv" value="sun.awt.Win32GraphicsEnvironment"/>
    <property name="surefire.real.class.path" value="C:\Users\marsc\AppData\Local\Temp\surefire1564998653117842312\surefirebooter15637143284034348432.jar"/>
    <property name="user.script" value=""/>
    <property name="sun.management.compiler" value="HotSpot 64-Bit Tiered Compilers"/>
    <property name="java.runtime.version" value="11.0.22+7"/>
    <property name="user.name" value="marsc"/>
    <property name="path.separator" value=";"/>
    <property name="os.version" value="10.0"/>
    <property name="java.runtime.name" value="OpenJDK Runtime Environment"/>
    <property name="file.encoding" value="Cp1252"/>
    <property name="java.vm.name" value="OpenJDK 64-Bit Server VM"/>
    <property name="java.vendor.version" value="Temurin-11.0.22+7"/>
    <property name="localRepository" value="C:\Users\marsc\.m2\repository"/>
    <property name="java.vendor.url.bug" value="https://github.com/adoptium/adoptium-support/issues"/>
    <property name="java.io.tmpdir" value="C:\Users\marsc\AppData\Local\Temp\"/>
    <property name="java.version" value="11.0.22"/>
    <property name="user.dir" value="c:\Users\marsc\Programmieren\DHBW-Exit-Game\DHBW-Exit-Game\minecraft_game"/>
    <property name="os.arch" value="amd64"/>
    <property name="java.vm.specification.name" value="Java Virtual Machine Specification"/>
    <property name="java.awt.printerjob" value="sun.awt.windows.WPrinterJob"/>
    <property name="sun.os.patch.level" value=""/>
    <property name="java.library.path" value="C:\Program Files\Eclipse Adoptium\jdk-11.0.22.7-hotspot\bin;C:\WINDOWS\Sun\Java\bin;C:\WINDOWS\system32;C:\WINDOWS;c:\Users\marsc\Programmieren\DHBW-Exit-Game\DHBW-Exit-Game\.venv\Scripts;C:\Program Files\Eclipse Adoptium\jdk-11.0.22.7-hotspot\bin;C:\Program Files\Eclipse Adoptium\jdk-21.0.2.13-hotspot\bin;C:\Users\marsc\Programmieren\Maven\apache-maven-3.9.6\bin;C:\WINDOWS\system32;C:\WINDOWS\System32\WindowsPowerShell\v1.0\;C:\WINDOWS\System32\Wbem;C:\WINDOWS;C:\Program Files\Git\cmd;C:\Users\marsc\AppData\Local\Microsoft\WindowsApps;;C:\Users\marsc\AppData\Local\Programs\Microsoft VS Code\bin;."/>
    <property name="java.vm.info" value="mixed mode"/>
    <property name="java.vendor" value="Eclipse Adoptium"/>
    <property name="java.vm.version" value="11.0.22+7"/>
    <property name="java.specification.maintenance.version" value="2"/>
    <property name="sun.io.unicode.encoding" value="UnicodeLittle"/>
    <property name="java.class.version" value="55.0"/>
  </properties>
  <testcase name="shouldAnswerWithTrue" classname="de.maxjhfr.PluginTest" time="0"/>
</testsuite>