<?xml version="1.0" encoding="UTF-8"?>
<testsuite xmlns:xsi="http://www.w3.org/2001/XMLSchema-instance" xsi:noNamespaceSchemaLocation="https://maven.apache.org/surefire/maven-surefire-plugin/xsd/surefire-test-report.xsd" name="de.maxjhfr.PluginTest" time="0.035" tests="1" errors="0" skipped="0" failures="0">
  <properties>
    <property name="java.specification.version" value="17"/>
    <property name="sun.cpu.isalist" value="amd64"/>
    <property name="sun.jnu.encoding" value="Cp1252"/>
    <property name="java.class.path" value="e:\Programs\Exit Game\DHBW-Exit-Game\minecraft_game\target\test-classes;e:\Programs\Exit Game\DHBW-Exit-Game\minecraft_game\target\classes;C:\Users\Max\.m2\repository\junit\junit\4.11\junit-4.11.jar;C:\Users\Max\.m2\repository\org\hamcrest\hamcrest-core\1.3\hamcrest-core-1.3.jar;C:\Users\Max\.m2\repository\org\spigotmc\spigot-api\1.16.5-R0.1-SNAPSHOT\spigot-api-1.16.5-R0.1-SNAPSHOT.jar;C:\Users\Max\.m2\repository\commons-lang\commons-lang\2.6\commons-lang-2.6.jar;C:\Users\Max\.m2\repository\com\google\guava\guava\21.0\guava-21.0.jar;C:\Users\Max\.m2\repository\com\google\code\gson\gson\2.8.0\gson-2.8.0.jar;C:\Users\Max\.m2\repository\net\md-5\bungeecord-chat\1.16-R0.4\bungeecord-chat-1.16-R0.4.jar;C:\Users\Max\.m2\repository\org\yaml\snakeyaml\1.27\snakeyaml-1.27.jar;C:\Users\Max\.m2\repository\org\java-websocket\Java-WebSocket\1.5.6\Java-WebSocket-1.5.6.jar;C:\Users\Max\.m2\repository\org\slf4j\slf4j-api\2.0.6\slf4j-api-2.0.6.jar;"/>
    <property name="java.vm.vendor" value="Oracle Corporation"/>
    <property name="sun.arch.data.model" value="64"/>
    <property name="user.variant" value=""/>
    <property name="java.vendor.url" value="https://java.oracle.com/"/>
    <property name="user.timezone" value="Europe/Berlin"/>
    <property name="os.name" value="Windows 11"/>
    <property name="java.vm.specification.version" value="17"/>
    <property name="sun.java.launcher" value="SUN_STANDARD"/>
    <property name="user.country" value="DE"/>
    <property name="sun.boot.library.path" value="C:\Program Files\Java\jdk-17\bin"/>
    <property name="sun.java.command" value="C:\Users\Max\AppData\Local\Temp\surefire10288867985406788265\surefirebooter1322178898712094064.jar C:\Users\Max\AppData\Local\Temp\surefire10288867985406788265 2024-04-14T16-38-28_265-jvmRun1 surefire14288729056502890253tmp surefire_09864060784392953258tmp"/>
    <property name="jdk.debug" value="release"/>
    <property name="surefire.test.class.path" value="e:\Programs\Exit Game\DHBW-Exit-Game\minecraft_game\target\test-classes;e:\Programs\Exit Game\DHBW-Exit-Game\minecraft_game\target\classes;C:\Users\Max\.m2\repository\junit\junit\4.11\junit-4.11.jar;C:\Users\Max\.m2\repository\org\hamcrest\hamcrest-core\1.3\hamcrest-core-1.3.jar;C:\Users\Max\.m2\repository\org\spigotmc\spigot-api\1.16.5-R0.1-SNAPSHOT\spigot-api-1.16.5-R0.1-SNAPSHOT.jar;C:\Users\Max\.m2\repository\commons-lang\commons-lang\2.6\commons-lang-2.6.jar;C:\Users\Max\.m2\repository\com\google\guava\guava\21.0\guava-21.0.jar;C:\Users\Max\.m2\repository\com\google\code\gson\gson\2.8.0\gson-2.8.0.jar;C:\Users\Max\.m2\repository\net\md-5\bungeecord-chat\1.16-R0.4\bungeecord-chat-1.16-R0.4.jar;C:\Users\Max\.m2\repository\org\yaml\snakeyaml\1.27\snakeyaml-1.27.jar;C:\Users\Max\.m2\repository\org\java-websocket\Java-WebSocket\1.5.6\Java-WebSocket-1.5.6.jar;C:\Users\Max\.m2\repository\org\slf4j\slf4j-api\2.0.6\slf4j-api-2.0.6.jar;"/>
    <property name="sun.cpu.endian" value="little"/>
    <property name="user.home" value="C:\Users\Max"/>
    <property name="user.language" value="de"/>
    <property name="java.specification.vendor" value="Oracle Corporation"/>
    <property name="java.version.date" value="2024-01-16"/>
    <property name="java.home" value="C:\Program Files\Java\jdk-17"/>
    <property name="file.separator" value="\"/>
    <property name="basedir" value="e:\Programs\Exit Game\DHBW-Exit-Game\minecraft_game"/>
    <property name="java.vm.compressedOopsMode" value="Zero based"/>
    <property name="line.separator" value="&#10;"/>
    <property name="java.vm.specification.vendor" value="Oracle Corporation"/>
    <property name="java.specification.name" value="Java Platform API Specification"/>
    <property name="surefire.real.class.path" value="C:\Users\Max\AppData\Local\Temp\surefire10288867985406788265\surefirebooter1322178898712094064.jar"/>
    <property name="user.script" value=""/>
    <property name="sun.management.compiler" value="HotSpot 64-Bit Tiered Compilers"/>
    <property name="java.runtime.version" value="17.0.10+11-LTS-240"/>
    <property name="user.name" value="Max"/>
    <property name="path.separator" value=";"/>
    <property name="os.version" value="10.0"/>
    <property name="java.runtime.name" value="Java(TM) SE Runtime Environment"/>
    <property name="file.encoding" value="Cp1252"/>
    <property name="java.vm.name" value="Java HotSpot(TM) 64-Bit Server VM"/>
    <property name="localRepository" value="C:\Users\Max\.m2\repository"/>
    <property name="java.vendor.url.bug" value="https://bugreport.java.com/bugreport/"/>
    <property name="java.io.tmpdir" value="C:\Users\Max\AppData\Local\Temp\"/>
    <property name="java.version" value="17.0.10"/>
    <property name="user.dir" value="e:\Programs\Exit Game\DHBW-Exit-Game\minecraft_game"/>
    <property name="os.arch" value="amd64"/>
    <property name="java.vm.specification.name" value="Java Virtual Machine Specification"/>
    <property name="sun.os.patch.level" value=""/>
    <property name="native.encoding" value="Cp1252"/>
    <property name="java.library.path" value="C:\Program Files\Java\jdk-17\bin;C:\WINDOWS\Sun\Java\bin;C:\WINDOWS\system32;C:\WINDOWS;e:\Programs\Exit Game\.venv\Scripts;C:\Program Files (x86)\Common Files\Oracle\Java\javapath;C:\WINDOWS\system32;C:\WINDOWS;C:\WINDOWS\System32\Wbem;C:\WINDOWS\System32\WindowsPowerShell\v1.0\;C:\WINDOWS\System32\OpenSSH\;C:\Program Files\NVIDIA Corporation\NVIDIA NvDLISR;C:\Program Files (x86)\NVIDIA Corporation\PhysX\Common;C:\WINDOWS\system32;C:\WINDOWS;C:\WINDOWS\System32\Wbem;C:\WINDOWS\System32\WindowsPowerShell\v1.0\;C:\WINDOWS\System32\OpenSSH\;C:\Program Files\Java\jdk-17\bin;C:\Program Files\MATLAB\R2023a\bin;E:\Programs\maven\apache-maven-3.9.6\bin;C:\Program Files\Git\cmd;C:\Users\Max\AppData\Local\Programs\Python\Python311\Scripts\;C:\Users\Max\AppData\Local\Programs\Python\Python311\;C:\Users\Max\AppData\Local\Microsoft\WindowsApps;;C:\Users\Max\AppData\Local\Programs\Microsoft VS Code\bin;."/>
    <property name="java.vm.info" value="mixed mode, sharing"/>
    <property name="java.vendor" value="Oracle Corporation"/>
    <property name="java.vm.version" value="17.0.10+11-LTS-240"/>
    <property name="sun.io.unicode.encoding" value="UnicodeLittle"/>
    <property name="java.class.version" value="61.0"/>
  </properties>
  <testcase name="shouldAnswerWithTrue" classname="de.maxjhfr.PluginTest" time="0.001"/>
</testsuite>